42
602 201
69364 79903 15550 23967 33121 63011 87189 56764 30097 17387 90748 14932 36501 75429 75939 85484 12166 46139 30426 73950 88461 97434 77427 2233 67152 93832 69677 61389 84684 94172 65637 17610 63771 23417 90624 17583 53812 35969 2260 15858 43991 88856 10745 54700 12549 4872 62860 84258 88739 59356 36168 54410 42378 98352 1482 51871 56331 94920 20347 43645 75515 53923 79835 59266 4179 27816 93225 96765 6387 39709 11215 21240 3788 21673 94426 50611 24072 43331 6074 73206 45824 26052 41607 71998 445 30318 88512 30370 51658 64194 21197 77416 87651 83262 96138 7842 90433 71518 77513 23413 59000 27285 78680 37305 62851 34878 81286 37805 51856 84370 77360 95251 48377 13815 75527 79191 87183 43859 88926 98340 60800 20301 34288 68169 24819 43277 28556 65747 37733 86161 70857 50120 11370 18259 71367 99150 73109 47178 93101 14429 89008 25010 27573 12171 70890 88371 754 19808 27957 18890 35234 6077 48892 13262 91696 88753 58980 42259 94369 22939 26320 76400 88273 3130 75468 83568 27854 58333 5342 44376 59051 48813 49738 85096 16390 79826 28297 56487 59706 48210 39402 13735 91207 19999 83339 84010 77060 94066 457 93260 52666 85524 94695 52402 20639 73508 12293 1194 28339 64892 63478
475 195
30100 48755 49998 35409 74594 87814 54764 18329 41594 72788 95753 50977 28151 41377 7746 19335 75322 99608 63509 53294 79260 63137 46376 2027 67649 92924 53598 46820 34670 69377 6132 37809 83739 72475 62184 51912 64920 87738 10923 62025 72945 99136 63962 84378 26143 11211 73270 25170 12653 93785 62945 77157 84793 15198 59413 82391 96909 43449 48071 21721 89612 71224 89839 18548 86194 72142 52577 98279 84778 88066 25256 57870 41677 88422 13148 81763 31141 79381 34568 69294 95043 44156 11585 21735 41131 23378 53425 50425 96438 24358 40920 51364 74155 50071 85304 67839 92164 51023 75954 4023 99554 75956 22964 46965 49700 56120 80798 16581 86513 53897 75339 30837 9329 93459 53243 32469 42688 85881 53738 61744 42373 55357 32197 86305 83923 89449 51668 46788 54624 8899 88535 68865 22278 74612 33823 50057 30712 27973 46672 86294 26395 41424 2026 99679 94055 21325 60035 46381 81829 95006 30146 6118 21234 36229 1658 46754 51887 62815 92683 82121 6037 62204 92819 76993 4160 28146 22020 47098 87643 49597 97710 56578 93917 79784 54359 18487 50464 42819 91439 90941 6459 90670 67907 65155 39666 75637 13205 61071 52968 55551 12223 61715 27305 1553 53148
434 187
56980 33939 20221 552 39404 30964 45491 65036 39860 14221 41327 81509 23843 9070 73217 93946 73545 38702 73352 7937 82090 94308 49576 57593 96466 9530 70021 60088 58706 17685 90380 94991 15006 9513 95269 53170 74085 75619 45942 62042 81626 77485 83537 550 2325 88426 69856 87540 59437 40416 81458 95683 21137 29484 42016 37164 1851 21773 36875 93810 87009 17159 84843 19901 64738 28695 4659 30437 54879 34237 1225 98732 73384 57190 13036 79709 71552 16681 29991 29345 45369 24467 1821 73286 60565 88032 38594 85263 78071 53370 39863 63982 10632 67810 57572 3661 61512 72215 17927 97733 29307 94948 46078 41287 43814 49313 75313 69785 41509 17424 60717 97758 64553 20635 83076 26600 2188 23168 86697 252 12648 75372 23676 78746 45441 27999 79810 32239 32778 28030 11988 83929 96345 74675 45962 23029 17325 3687 42269 49443 26593 34823 83009 81577 62981 37286 27361 98246 76394 17998 5116 18293 38834 61767 94730 25944 76196 48455 19804 91403 6851 72766 46844 76381 56047 93214 70293 14756 3731 58856 91817 22509 54535 15702 49257 21902 30224 39905 24428 30373 50016 44970 80389 7819 86353 63399 80877
298 181
84578 50023 21786 87866 84440 51566 47996 61757 76912 86350 94081 87867 64935 39007 33726 61321 36339 47915 82255 46959 31001 79350 47294 82701 94278 41800 66574 77845 63448 19651 50500 27804 66290 17221 8463 20059 42227 33419 22798 55497 88148 53628 16141 443 33317 94754 64947 30243 9407 76356 63988 85197 62671 78068 35491 63628 66533 99738 33894 7191 41520 9061 34051 77958 49393 16352 24971 93165 2963 98772 82989 79111 50273 7997 85507 99838 35349 51476 28236 65301 28699 58171 11957 66810 52801 68520 83524 85742 91153 71544 79250 27683 3601 67415 63130 7938 3040 4581 25373 13274 52028 16771 90320 87298 78080 11466 20889 34244 63086 58454 49177 382 70551 94951 64714 33619 73924 70707 39026 45050 41306 83282 70680 9774 28124 90892 30614 86072 75171 38457 96019 46724 10091 86268 13884 42400 65179 47290 13519 23913 78263 58376 85359 96151 46165 23338 46704 1893 36944 97775 73773 57566 82095 51742 65277 70557 55109 59853 70542 22867 48300 37282 53674 69967 5728 86347 12452 37556 91767 16904 99542 42577 14931 11018 50851 80340 3949 45736 2214 50529 52546
220 177
2198 50090 64424 27077 60758 26111 99184 36737 811 12330 58792 70166 83498 57216 11057 35327 16647 63215 20515 11603 53273 50732 2789 65180 65627 80378 76860 5223 70832 72348 49549 44729 27525 18116 91492 54596 77287 95702 83211 85747 90171 98793 34580 80621 94732 28391 89955 99 11388 42949 4842 43574 75887 19364 30680 12547 34466 71294 73062 21782 40447 99106 31240 1431 3497 72946 8990 74755 22672 27582 16535 30822 9765 58493 12115 87211 34831 78855 80002 73737 80495 32167 58858 88211 20449 26871 83168 94370 55899 97878 53009 7790 86045 89536 2334 21996 37902 26751 70141 27411 85327 6567 42815 83026 79024 24940 54684 24777 92914 34452 65589 44212 53528 25058 70062 47351 68139 2405 54052 58824 99451 91729 40011 92149 93187 13500 31217 88888 44553 70733 93652 48029 97123 79880 6700 24842 73993 21116 54005 18622 32162 2919 42196 63417 77481 72731 64143 11324 4148 24607 20960 31460 96321 64872 51256 91834 71081 37726 2210 66580 29493 83690 343 78492 41910 99164 15599 42283 72729 21664 64207 26647 13475 31944 31196 43945 79170
700 171
1968 6100 31811 37253 96361 64661 22813 80385 41526 49200 1399 9447 27095 80962 74842 68479 49386 53586 75284 36532 52762 36798 10477 70945 84205 35499 79396 96246 63293 6279 58298 10787 55850 21133 58133 90023 98164 66678 81352 87490 87319 86901 3796 84636 89291 87582 26542 87354 19401 43021 42293 97746 64752 70119 82467 946 2028 10821 92053 54044 96201 32834 81082 57442 93418 56522 88468 59776 97932 58303 8283 21810 36506 40350 48895 12326 71530 95470 42970 90055 78354 42282 89808 83316 58046 5453 73229 96110 34997 62186 30551 72782 97518 86381 19424 25980 79496 68355 82055 78628 77470 68467 69038 86754 24830 71213 73101 25093 28385 38478 93226 97875 67661 16422 35392 12590 30520 31136 83485 93131 35648 16286 99423 41122 24477 18169 81216 22417 63485 4790 97920 92406 87182 1403 35307 83564 50063 32719 81364 58566 61449 56406 93939 35826 76551 39259 24509 78423 69593 61852 60472 4849 79347 75245 71100 99105 28254 1646 67378 10431 75531 84725 98944 77991 86325 51311 3836 24807 18023 23542 30157
325 162
6419 55807 12099 292 93871 75075 56977 54730 8287 22981 81419 17689 96165 42769 55834 82885 85057 64096 63743 26207 10289 95917 5837 19491 39019 4112 42961 47401 15005 2463 59648 16665 82943 56841 7921 12761 21200 2291 25733 44119 60213 76840 98856 23797 26677 273 54439 65100 51167 66512 37956 16187 42494 12973 56509 38848 52195 24690 18013 91590 89340 35439 27725 58949 50149 73994 71215 25603 60551 95590 74183 24585 51788 51581 52274 39013 71009 3053 3567 88028 20680 16029 64389 19379 60605 19435 77578 41200 49362 87873 90926 92100 987 21529 51309 53399 40807 34836 11887 89362 28613 48331 38775 23887 58667 58666 61722 67236 63197 46823 40405 58207 76102 90603 2837 38720 85357 73718 16882 25237 16628 89704 60342 61224 15738 20143 40617 23666 18150 41957 18549 63955 47883 98173 63192 88050 9080 35177 17331 21060 79001 78256 72817 81252 70991 5468 41353 42584 24067 96757 16480 2441 82566 58930 6518 78822 98062 20025 90759 32940 40751 35192
269 156
77705 71187 94549 45425 75951 31033 85283 77393 92022 98776 29000 46499 60881 96097 94051 89559 31066 47330 52734 2319 38372 89562 44080 5506 20925 53314 88852 73734 85142 13178 78032 76693 61999 21557 25678 72134 755 32574 92675 37137 44707 71671 35016 66345 20990 43642 97743 76743 9404 51647 78399 27748 13678 70032 32694 21502 40713 97429 9408 45174 62798 47623 58748 89986 78271 75997 67517 79400 6180 21982 31085 34565 69141 48329 36542 75559 75716 80651 86188 16769 75712 13160 60526 14317 29326 84420 36553 56370 30260 81436 84751 66863 22030 14259 88401 32089 74605 33194 78603 88399 96566 95652 63033 40496 37241 7525 90527 81318 27830 61226 94570 24681 11667 87525 70335 26088 46391 49216 16667 93506 1807 12575 53272 40200 82665 67733 31069 20969 17533 21496 59909 64076 83915 57564 80591 39935 60317 27102 59622 77537 28554 43919 59732 78761 65702 80904 82529 67837 28979 26545 79928 99290 57932 43434 8841 69630
696 149
19734 39164 91050 86647 38260 89278 95436 28920 130 7875 58755 51874 99410 12319 36602 29212 49689 13654 76112 8592 54016 77170 14512 80804 38894 52238 84819 56178 18003 25651 75844 97033 22182 89887 7999 90620 19937 14977 27465 34176 90247 8304 34183 26301 28921 9685 66142 17712 36925 95792 76193 37943 53489 34801 93801 77672 27248 30240 50987 80323 3868 58318 29563 20736 32737 27026 69111 85668 41180 28141 66348 9617 84505 39478 84875 48424 55327 69516 47226 35889 72030 26904 59623 72411 20017 84313 32978 77094 95776 84504 90294 64448 71412 9752 47661 4093 72106 94410 66513 54871 68565 97976 87591 80314 52003 1843 93812 59029 8957 94606 27456 10232 71150 53094 46697 97851 25483 60091 80170 6900 96219 74040 56261 61557 5062 50665 64343 6904 57895 59140 88331 68663 48725 84282 92302 24576 11730 44806 70549 23633 45495 47877 33801 56034 62275 26504 59856 27985 50247
182 140
31754 43202 47492 84019 96092 18920 2533 88137 90681 75368 13418 88657 81076 17136 67250 9478 43478 72864 28051 56642 29601 33983 26061 30491 14146 74298 46467 3633 13664 13925 24048 91603 59545 20243 73642 73610 71403 73582 9467 70410 43392 8093 37416 29499 87545 64234 14734 40475 1594 60143 25001 74237 96514 86856 30114 37727 83930 77154 51610 17045 62760 15299 23957 81933 34495 59169 80811 80890 86527 62585 8438 82456 38650 94889 29674 18508 64423 65939 68749 3316 38471 46859 73915 39172 29116 59454 75472 88480 37318 53540 96260 62955 48818 76965 63481 60389 76802 43 60706 43744 13102 2220 40222 59565 26733 90944 67645 87397 26001 44952 51504 32877 97467 90869 91506 91979 5866 31768 19602 71868 92812 31596 69678 26624 87092 66470 91719 68290 75318 33325 21359 53623 13550 68860 22604 14244 86548 298 89462 48554
189 132
27332 70524 24274 11226 40862 5259 32846 86319 45275 26329 65232 22957 96001 41379 22316 829 8248 96932 63931 40921 50909 43896 36889 26281 17584 34797 32495 34482 90009 48933 62469 33363 62367 88017 81023 12689 52219 43681 10246 74854 83461 82249 48970 1982 90374 52724 41343 33554 10026 60481 79994 12998 53278 90329 30595 37914 59658 78346 21188 70685 24654 14012 10140 72727 84077 49135 22267 38811 14781 54809 84261 42730 13057 48140 23590 9891 92883 44072 89794 77206 73288 74018 34318 88640 27506 59714 18182 21444 10862 23896 78070 4954 26599 44395 89364 87288 94767 91467 75024 59254 71832 82428 2824 78901 78370 37223 7530 35206 54725 13891 43548 37185 96618 64797 67335 37034 81590 42936 63370 3313 53806 32670 17464 9636 13831 64852 46354 22378 8367 22700 18207 4059
522 135
7703 56559 60585 76095 42645 3902 39891 93318 61274 85038 26462 60095 69112 90929 7631 69369 90744 68008 420 5477 37857 79244 20065 37143 56625 8738 57340 68461 75825 88687 8022 32628 83320 67781 25205 80057 13359 29705 18614 42114 48527 1932 3799 29876 40231 66981 88771 1458 11277 26019 10234 30067 38819 14199 15517 18631 7024 56659 7064 67320 25344 81440 75026 94869 73055 21168 68826 89648 51801 64588 76646 533 36107 72619 93137 73792 39306 49710 59380 65940 47685 31057 90552 14885 10082 59537 36605 60855 76997 61675 12759 4931 23084 99597 99120 79791 48984 65797 94485 91126 82643 8559 36133 72716 28654 3985 54349 62992 68254 37563 20248 45137 38075 94185 17660 17745 81332 8016 14823 91691 40799 94492 14846 89976 75771 6133 89576 97038 82844 77365 19750 97548 13366 46779 63934
972 126
8296 77091 70278 17177 60255 37503 9545 87891 9712 19927 81449 86454 67656 8272 84951 874 82336 9157 87323 30135 64859 10165 28256 45423 54094 20671 26952 42865 89547 72161 82319 27410 63183 73411 63754 17694 34605 52664 1460 74329 78177 79767 86809 15618 5868 38210 85765 2760 89348 72792 35686 93825 24558 48894 29799 57404 38646 62306 81310 6338 61940 30973 36087 70503 55922 3323 48625 80911 97809 98838 82683 84088 36378 26881 43589 57653 26770 82086 64601 65574 74850 98959 48305 56665 89352 72425 78969 32870 9714 95128 20422 32302 10019 57529 24636 81265 57681 98230 22440 3698 26638 21694 14787 86946 32429 11707 7074 52268 78329 35053 19173 79371 71592 72034 85691 17582 99396 91929 94115 12093 60768 83635 18240 14322 45116 61576
232 123
95207 63550 91675 81000 65341 70289 68610 49191 99874 78993 37492 43547 5570 96373 76183 55259 47460 68135 9603 86206 45298 3503 48168 23065 99803 52750 67827 72043 13749 75115 99534 15393 41470 89843 43538 35998 96995 87745 23815 2536 92674 35608 18815 58250 70086 75847 59807 74533 44424 49401 3779 79176 8137 98522 12312 59281 92268 23233 62239 25575 59498 87764 57203 83663 34525 14444 55727 24327 84330 46999 61839 79513 91980 95371 97435 21998 63244 93553 805 92278 59211 97551 2691 41176 99387 48909 3493 4482 64675 69908 7659 46741 64547 43930 58196 10558 39830 26049 4502 55637 54184 52718 93497 91618 8369 19595 6067 37697 41395 48460 70142 41987 60430 6245 93796 22625 55383 74177 69398 63703 28844 12778 78725
148 131
38323 23857 37681 75777 34556 53614 72800 56469 27888 66752 85029 54310 51049 84813 67773 11430 29987 67500 28149 61710 96750 45936 41111 7498 66539 31867 75111 25336 71505 85305 94458 56052 20701 44211 35887 90047 30941 88748 71477 31879 27633 90796 89308 83257 12544 96193 29197 54937 22141 23261 61618 53292 75463 68383 1935 46213 44833 39064 60762 13164 34545 89911 89518 19418 62543 49545 16930 87213 36213 6401 72012 31397 14636 80914 34561 65333 52560 9597 23737 29089 4836 63060 33458 35260 97298 84015 98105 16065 34751 15112 493 22653 13667 40537 56947 95672 74457 73026 84637 26487 20614 11380 94224 30867 9723 286 92575 87371 45270 38795 22413 99169 54405 61891 2355 74981 1007 79528 71247 23989 23560 1383 54987 21880 22254 80011 83815 49795 6210 67221 35504
28 119
94988 3247 29589 89912 54977 97677 50221 18683 2400 65789 16770 8932 29901 30264 17594 92264 92459 24411 97963 64667 46587 50268 86964 85889 43862 30515 72902 21500 20486 87780 13201 84312 81330 30750 7734 69324 41067 44903 47959 956 99507 29042 75419 50307 44455 64697 29888 96444 48660 40733 2300 71675 58542 92839 24905 52613 97254 25581 20067 38361 4492 76986 82835 60730 69448 92099 77704 14453 70751 41598 71654 72410 35580 2974 86920 98724 22546 65445 17244 21568 90531 15545 5464 62938 23923 3148 26976 92089 40754 40121 2639 32498 38928 67651 4757 50693 34358 45152 8276 83270 84172 79080 7096 23348 31720 2683 11271 25945 91859 2351 34931 68409 66046 33259 80153 75813 88215 60486 17265
603 114
29599 65869 13249 59150 57301 11613 32866 2798 46418 84529 37957 89713 83159 71375 94985 3921 18386 43115 98439 85637 91341 83818 52303 1524 77684 46545 25034 29788 53447 87971 777 18400 45802 42291 26510 3032 70830 93085 39722 76667 25116 17083 11434 30457 39262 92344 4212 29578 77289 47616 26680 47689 84894 41653 27029 25065 72167 51780 26785 21039 21584 67465 46841 5158 26391 68201 30235 26771 33556 45426 76836 64115 15428 69245 23392 40441 52673 30322 38818 20757 69166 47293 12571 27336 40085 42838 67353 90640 75790 65856 62519 47771 62804 90798 24967 21534 20086 7391 2796 90886 70036 48221 76429 30436 43114 66087 77602 26548 11593 285 27952 47515 98397 69990
598 112
45258 29857 11412 80328 86171 32741 6765 38952 36754 30711 74466 12308 44003 14674 35981 88749 65616 32390 59564 95381 73299 61067 53487 63122 23695 65239 67930 79187 96182 76482 63995 99637 35999 40004 78687 30225 99516 64811 66102 60358 2616 85706 66789 32475 53893 99596 29943 92505 70380 30679 40135 78148 99690 74200 70907 39141 96060 91327 36330 70726 8676 67255 26497 47794 23446 20669 2471 47291 87174 41720 60731 22610 17107 10484 94181 51242 1545 86377 42659 70580 98734 87950 22645 74335 90255 77816 55175 57287 70478 17185 80424 4922 44323 2447 6072 87825 20778 65634 11219 50824 15590 82535 89634 40209 27821 2916 78249 9828 45468 28049 88977 59417
157 106
39988 41326 66296 33393 53608 95679 48698 17964 53641 94692 35256 15582 34269 30602 96573 27481 35388 84686 52690 91631 87878 67896 34930 57728 43545 42128 79325 61516 67229 22448 71127 19146 80526 22895 7665 44401 24380 21859 54877 4393 17157 38321 61590 4828 21378 3000 84795 80072 46044 73009 81819 1209 44486 79672 19723 77783 54590 27355 14543 61761 60974 97574 87169 14049 4799 64311 29059 42860 65527 12047 32347 23776 82315 81478 19517 72441 36317 19190 35727 22763 5414 36153 90208 34678 28021 96779 99053 47822 98694 59117 98564 71728 79327 56299 84745 26986 29311 33614 94999 96093 29757 38573 69763 58610 26404 85106
852 96
34616 45546 95105 40417 13601 90738 73388 11039 80261 99850 47431 50855 25792 63435 16445 4988 83171 67337 67096 24376 43922 2714 40000 4841 32555 83407 78548 78158 62477 9659 99324 82999 68343 64217 5424 53983 57714 60805 68896 68163 17771 49167 4048 47327 77337 80402 74764 58633 50670 61024 42361 36544 41475 95446 47887 25385 46985 56447 81514 76363 91441 47751 3137 72041 48388 49948 70785 99182 82833 37549 16606 28155 21337 17385 41253 2882 39246 57540 53041 23686 29218 18007 34793 559 85015 76837 50266 88992 221 43436 79561 11319 46124 57517 47286 26481
845 94
59892 58877 45573 75942 72580 23813 47967 16080 56747 21553 7879 98690 60757 91466 413 3807 64429 13614 58874 99112 39297 72217 93056 90499 43525 96411 83956 96113 62545 70656 24126 6573 63380 4697 55654 22795 86507 70317 13721 60625 35940 94818 17468 94750 97155 5032 27617 40208 60901 14255 19143 71889 62127 76481 95941 7979 58080 41801 39634 43622 31899 185 13407 86995 11532 60754 32284 68154 62110 31981 589 47227 65253 27164 42656 35880 9006 21282 24877 7514 40900 40122 58267 42573 82152 72973 82238 38522 1300 97342 63336 87771 8437 66451
72 104
59996 84387 81122 99601 58948 28379 7495 147 85355 10286 51333 98505 46487 58208 11848 75955 19296 4711 10681 26167 57024 35996 96374 80241 17978 92735 2628 37103 51029 93328 92400 9973 59123 43733 68655 59966 74149 17713 67169 58689 23918 19530 55378 61414 10454 57616 88348 95021 15093 68505 74179 5887 28722 48316 52091 57897 32713 56072 90688 17181 88756 66585 87244 944 81494 94525 28104 85744 27241 58000 34869 23745 98744 39515 83647 12024 62352 27191 37536 48088 21774 14719 94950 34953 19166 81516 87625 4554 67342 6396 88723 45254 92274 58328 49625 70146 91495 68774 90719 63815 81955 25747 79546 82490
203 92
57527 55487 6670 28779 3945 75817 33273 94540 85719 75812 66431 21445 10288 95410 37570 15581 31615 47911 10219 53846 59326 32599 66312 4105 17858 43488 56098 14313 77515 44116 87757 61931 31396 26350 82447 61172 64084 88860 10887 89080 25431 89267 44384 99468 76172 97217 7520 19569 566 45880 73709 5915 99016 14433 34859 54757 989 37462 87534 56003 91972 54376 64051 15050 86060 43393 14009 39990 41167 31556 31953 79178 44877 7178 28651 79285 30770 99831 76289 65724 69149 87405 24217 33125 61645 103 89324 30145 20530 48108 13685 55507
782 84
27736 51435 60487 61912 22215 65226 86616 66825 82611 73672 623 96171 31144 6181 12992 57907 46383 10592 59433 34323 39314 68001 78154 25844 52942 72096 798 72480 23457 20876 16582 30983 35590 30502 53921 81512 57737 27287 377 83252 93429 11444 66915 84997 63391 94221 87443 93488 36132 64433 99589 8967 56806 60327 54036 29525 54032 34820 34375 69870 97234 17711 23139 96244 72158 52149 4363 84095 11617 6341 63916 32779 30310 21447 77979 45603 3182 51380 45498 1824 26553 98049 63865 50692
749 85
61234 9084 576 43507 20442 33213 59567 66469 66691 23968 28486 35737 53518 7589 80494 66207 88763 31233 68236 66225 62088 79348 28114 16631 18310 95418 40562 92676 51465 90794 74941 44795 42706 92229 82637 73698 90166 94963 37303 83319 6321 58719 55257 42529 40669 10926 14608 62142 9369 9684 36505 82592 69142 65101 71916 2572 70122 30340 37721 39210 2734 67462 64468 68414 13437 13076 73409 41643 36892 41061 42229 7683 41291 38181 88692 16417 8031 56605 6932 41533 64977 53698 81070 1208 19160
705 81
25246 23101 15966 67392 82526 45118 74639 689 61786 74506 86603 41612 39683 44350 83805 76892 5746 43076 44333 31667 97919 75415 35126 57479 43326 1782 18196 5749 40214 42367 85407 24792 31498 18686 52715 66577 70654 24364 45670 74468 8017 39398 51444 18305 29625 62101 2685 13671 28557 89002 59812 75714 24223 21669 38870 58704 40321 97355 54065 61317 22498 73309 74604 31670 97312 52005 67235 43334 85107 81552 63085 33701 94761 14158 35017 52358 15404 671 4390 89206 19885
297 66
24998 55622 44768 45617 26863 43262 70953 43342 678 92938 24908 26703 84822 70603 51683 23791 18752 68437 19040 5264 38134 564 39839 26237 22302 45671 98914 94229 17290 93990 837 22478 39250 1038 1811 29016 78008 27445 45621 49636 51694 95600 45635 45983 99320 17510 41064 89860 98198 23678 32139 9302 62014 55819 58577 93947 24045 35373 91312 43018 25399 76345 86085 92962 69550 62809
425 63
6912 9005 56785 52540 31479 87404 53084 48977 24862 55833 17524 81920 90995 39157 90734 4682 45106 95266 33872 15363 19849 58487 93979 11755 3167 8552 1029 78192 11108 85204 37450 6614 56263 61443 70529 20104 62738 27913 523 47639 35886 51436 13296 54750 11019 50634 27615 90381 77557 1669 52707 94326 17419 78521 7676 3981 10488 56892 1172 97713 15362 49622 59806
780 49
2410 13284 15085 67987 47418 27971 47334 45814 18155 45022 25383 34852 71306 73579 60365 1710 34847 78188 81803 85477 83740 75741 90277 74716 41043 68550 93905 91597 23293 84314 338 68551 6393 86896 26290 52636 54911 92787 22013 61217 27746 49973 62778 22901 95354 31482 90327 46869 18413
787 53
85431 82267 59431 3461 32881 73075 5317 80799 10378 86869 47390 30000 5688 94639 2670 74656 49481 48814 95187 21386 6712 10911 88043 58707 85860 7210 59299 54540 98778 42275 45774 13028 31520 84302 56441 95876 94956 78601 83254 92170 82652 95998 507 97717 9196 32246 57945 21468 91417 32647 48386 26496 46812
717 52
27711 71817 38973 71265 13360 1075 77047 55590 26726 42641 50817 6533 26104 63154 75021 81651 51565 54691 79214 11181 9626 42338 91295 58159 53145 58693 52681 27553 98568 18956 47594 40089 86853 84316 32030 92215 33564 83646 74541 3037 53801 11327 61874 95589 26358 89540 35393 59278 37384 39396 19416 4569
75 42
91890 45506 25525 69942 43465 17965 60432 37011 71872 39332 16087 26238 6069 23387 76161 40207 95536 46511 86104 41274 59829 27043 4480 23174 78965 34951 85724 54106 6302 94042 42939 87149 76530 63420 47373 35216 86921 45440 84154 76850 94674 41583
963 41
32920 5239 84623 54892 29937 95273 6090 43218 67585 12840 37082 46097 20165 38328 91952 12266 70499 92338 72941 42289 43215 61808 41062 31912 19801 21219 98867 77479 56467 3189 45886 14187 89144 60282 7714 94247 68736 8784 83780 92435 18297
644 42
65599 10631 1395 35334 8315 65989 67119 72891 25 650 63288 84413 93699 95417 5611 32945 36312 88808 15045 50676 38244 43192 98415 2354 26439 13634 7009 12020 45612 43838 76549 88486 74719 31725 62455 87705 51200 90694 78612 6465 29090 50228
489 30
62157 64635 77973 5680 92468 37897 54265 53602 77505 55477 8115 12591 9914 37544 96654 45313 16844 24031 82351 22347 16919 47408 17908 76644 55649 57900 43582 15613 77555 92490
974 26
60467 87719 95194 72627 68571 52754 63078 37784 4330 15635 28634 28809 17367 59263 43167 34659 78616 12844 59257 34712 67618 21344 48198 45142 62457 57087
691 25
72857 16380 45863 55924 33134 99207 1134 35361 42446 72391 59762 51011 3294 48395 93382 11199 38432 46326 82491 72914 34933 97734 36425 26927 68293
492 16
28987 95913 56424 81498 21354 73971 79188 74715 30151 83250 58252 51418 24138 72680 25066 92441
897 14
38077 11447 81594 20834 98363 23766 89643 47976 52736 3383 36621 70714 20428 78151
866 9
19039 39123 92205 1063 22397 6688 39342 55864 49334
551 6
50524 72762 91154 23125 35143 19692
828 1
77811
